<?xml version="1.0" encoding="UTF-8"?>
<coverage generated="1778273835188" clover="3.2.0">
  <project timestamp="1778273835188" name="All files">
    <metrics statements="52" coveredstatements="52" conditionals="32" coveredconditionals="31" methods="6" coveredmethods="6" elements="90" coveredelements="89" complexity="0" loc="52" ncloc="52" packages="4" files="6" classes="6"/>
    <package name="controllers">
      <metrics statements="6" coveredstatements="6" conditionals="0" coveredconditionals="0" methods="1" coveredmethods="1"/>
      <file name="repairController.js" path="C:\Users\Ezra Marius\Desktop\Qualimetrie\smart-maintenance\src\controllers\repairController.js">
        <metrics statements="6" coveredstatements="6" conditionals="0" coveredconditionals="0" methods="1" coveredmethods="1"/>
        <line num="1" count="1" type="stmt"/>
        <line num="4" count="2" type="stmt"/>
        <line num="5" count="2" type="stmt"/>
        <line num="6" count="1" type="stmt"/>
        <line num="8" count="1" type="stmt"/>
        <line num="15" count="1" type="stmt"/>
      </file>
    </package>
    <package name="routes">
      <metrics statements="5" coveredstatements="5" conditionals="0" coveredconditionals="0" methods="0" coveredmethods="0"/>
      <file name="repair.js" path="C:\Users\Ezra Marius\Desktop\Qualimetrie\smart-maintenance\src\routes\repair.js">
        <metrics statements="5" coveredstatements="5" conditionals="0" coveredconditionals="0" methods="0" coveredmethods="0"/>
        <line num="1" count="1" type="stmt"/>
        <line num="2" count="1" type="stmt"/>
        <line num="3" count="1" type="stmt"/>
        <line num="47" count="1" type="stmt"/>
        <line num="49" count="1" type="stmt"/>
      </file>
    </package>
    <package name="services">
      <metrics statements="35" coveredstatements="35" conditionals="30" coveredconditionals="29" methods="3" coveredmethods="3"/>
      <file name="estimateService.js" path="C:\Users\Ezra Marius\Desktop\Qualimetrie\smart-maintenance\src\services\estimateService.js">
        <metrics statements="10" coveredstatements="10" conditionals="4" coveredconditionals="4" methods="1" coveredmethods="1"/>
        <line num="1" count="2" type="stmt"/>
        <line num="2" count="2" type="stmt"/>
        <line num="16" count="5" type="stmt"/>
        <line num="19" count="5" type="cond" truecount="4" falsecount="0"/>
        <line num="20" count="2" type="stmt"/>
        <line num="24" count="3" type="stmt"/>
        <line num="27" count="3" type="stmt"/>
        <line num="29" count="3" type="stmt"/>
        <line num="31" count="3" type="stmt"/>
        <line num="42" count="2" type="stmt"/>
      </file>
      <file name="laborCalculator.js" path="C:\Users\Ezra Marius\Desktop\Qualimetrie\smart-maintenance\src\services\laborCalculator.js">
        <metrics statements="12" coveredstatements="12" conditionals="16" coveredconditionals="15" methods="1" coveredmethods="1"/>
        <line num="5" count="10" type="cond" truecount="2" falsecount="0"/>
        <line num="7" count="9" type="cond" truecount="2" falsecount="0"/>
        <line num="8" count="9" type="cond" truecount="2" falsecount="0"/>
        <line num="9" count="9" type="stmt"/>
        <line num="12" count="9" type="cond" truecount="2" falsecount="0"/>
        <line num="13" count="4" type="stmt"/>
        <line num="25" count="5" type="cond" truecount="4" falsecount="0"/>
        <line num="26" count="4" type="stmt"/>
        <line num="27" count="4" type="stmt"/>
        <line num="30" count="5" type="stmt"/>
        <line num="32" count="5" type="stmt"/>
        <line num="43" count="3" type="stmt"/>
      </file>
      <file name="partsCalculator.js" path="C:\Users\Ezra Marius\Desktop\Qualimetrie\smart-maintenance\src\services\partsCalculator.js">
        <metrics statements="13" coveredstatements="13" conditionals="10" coveredconditionals="10" methods="1" coveredmethods="1"/>
        <line num="5" count="7" type="cond" truecount="4" falsecount="0"/>
        <line num="6" count="1" type="stmt"/>
        <line num="9" count="6" type="stmt"/>
        <line num="10" count="6" type="cond" truecount="2" falsecount="0"/>
        <line num="11" count="6" type="stmt"/>
        <line num="13" count="6" type="stmt"/>
        <line num="14" count="6" type="stmt"/>
        <line num="16" count="6" type="stmt"/>
        <line num="17" count="10" type="cond" truecount="4" falsecount="0"/>
        <line num="18" count="8" type="stmt"/>
        <line num="19" count="8" type="stmt"/>
        <line num="23" count="6" type="stmt"/>
        <line num="29" count="3" type="stmt"/>
      </file>
    </package>
    <package name="utils">
      <metrics statements="6" coveredstatements="6" conditionals="2" coveredconditionals="2" methods="2" coveredmethods="2"/>
      <file name="validators.js" path="C:\Users\Ezra Marius\Desktop\Qualimetrie\smart-maintenance\src\utils\validators.js">
        <metrics statements="6" coveredstatements="6" conditionals="2" coveredconditionals="2" methods="2" coveredmethods="2"/>
        <line num="3" count="3" type="stmt"/>
        <line num="4" count="3" type="stmt"/>
        <line num="5" count="3" type="cond" truecount="2" falsecount="0"/>
        <line num="6" count="1" type="stmt"/>
        <line num="8" count="2" type="stmt"/>
        <line num="11" count="1" type="stmt"/>
      </file>
    </package>
  </project>
</coverage>
