{"C:\\Users\\Ezra Marius\\Desktop\\Qualimetrie\\smart-maintenance\\src\\controllers\\repairController.js": {"path":"C:\\Users\\Ezra Marius\\Desktop\\Qualimetrie\\smart-maintenance\\src\\controllers\\repairController.js","statementMap":{"0":{"start":{"line":1,"column":36},"end":{"line":1,"column":74}},"1":{"start":{"line":4,"column":4},"end":{"line":12,"column":5}},"2":{"start":{"line":5,"column":25},"end":{"line":5,"column":58}},"3":{"start":{"line":6,"column":8},"end":{"line":6,"column":39}},"4":{"start":{"line":8,"column":8},"end":{"line":11,"column":11}},"5":{"start":{"line":15,"column":0},"end":{"line":15,"column":39}}},"fnMap":{"0":{"name":"calculateEstimate","decl":{"start":{"line":3,"column":15},"end":{"line":3,"column":32}},"loc":{"start":{"line":3,"column":43},"end":{"line":13,"column":1}},"line":3}},"branchMap":{},"s":{"0":1,"1":2,"2":2,"3":1,"4":1,"5":1},"f":{"0":2},"b":{},"_coverageSchema":"1a1c01bbd47fc00a2c39e90264f33305004495a9","hash":"746b8880832bb754f7a8759da9b478ee17ff62ad"}
,"C:\\Users\\Ezra Marius\\Desktop\\Qualimetrie\\smart-maintenance\\src\\routes\\repair.js": {"path":"C:\\Users\\Ezra Marius\\Desktop\\Qualimetrie\\smart-maintenance\\src\\routes\\repair.js","statementMap":{"0":{"start":{"line":1,"column":16},"end":{"line":1,"column":34}},"1":{"start":{"line":2,"column":15},"end":{"line":2,"column":31}},"2":{"start":{"line":3,"column":30},"end":{"line":3,"column":72}},"3":{"start":{"line":47,"column":0},"end":{"line":47,"column":51}},"4":{"start":{"line":49,"column":0},"end":{"line":49,"column":24}}},"fnMap":{},"branchMap":{},"s":{"0":1,"1":1,"2":1,"3":1,"4":1},"f":{},"b":{},"_coverageSchema":"1a1c01bbd47fc00a2c39e90264f33305004495a9","hash":"bb4f7ff9f19a1d44bbbab50191a290a2f7298036"}
,"C:\\Users\\Ezra Marius\\Desktop\\Qualimetrie\\smart-maintenance\\src\\services\\estimateService.js": {"path":"C:\\Users\\Ezra Marius\\Desktop\\Qualimetrie\\smart-maintenance\\src\\services\\estimateService.js","statementMap":{"0":{"start":{"line":1,"column":31},"end":{"line":1,"column":59}},"1":{"start":{"line":2,"column":31},"end":{"line":2,"column":59}},"2":{"start":{"line":16,"column":8},"end":{"line":16,"column":15}},"3":{"start":{"line":19,"column":4},"end":{"line":21,"column":5}},"4":{"start":{"line":20,"column":8},"end":{"line":20,"column":58}},"5":{"start":{"line":24,"column":18},"end":{"line":24,"column":72}},"6":{"start":{"line":27,"column":18},"end":{"line":27,"column":63}},"7":{"start":{"line":29,"column":18},"end":{"line":29,"column":41}},"8":{"start":{"line":31,"column":4},"end":{"line":39,"column":6}},"9":{"start":{"line":42,"column":0},"end":{"line":42,"column":45}}},"fnMap":{"0":{"name":"calculateRepairEstimate","decl":{"start":{"line":9,"column":9},"end":{"line":9,"column":32}},"loc":{"start":{"line":9,"column":42},"end":{"line":40,"column":1}},"line":9}},"branchMap":{"0":{"loc":{"start":{"line":19,"column":4},"end":{"line":21,"column":5}},"type":"if","locations":[{"start":{"line":19,"column":4},"end":{"line":21,"column":5}},{"start":{},"end":{}}],"line":19},"1":{"loc":{"start":{"line":19,"column":8},"end":{"line":19,"column":55}},"type":"binary-expr","locations":[{"start":{"line":19,"column":8},"end":{"line":19,"column":20}},{"start":{"line":19,"column":24},"end":{"line":19,"column":55}}],"line":19}},"s":{"0":2,"1":2,"2":5,"3":5,"4":2,"5":3,"6":3,"7":3,"8":3,"9":2},"f":{"0":5},"b":{"0":[2,3],"1":[5,3]},"_coverageSchema":"1a1c01bbd47fc00a2c39e90264f33305004495a9","hash":"d1bbd285778d8086cefc3dfe438464808bc9d0de"}
,"C:\\Users\\Ezra Marius\\Desktop\\Qualimetrie\\smart-maintenance\\src\\services\\laborCalculator.js": {"path":"C:\\Users\\Ezra Marius\\Desktop\\Qualimetrie\\smart-maintenance\\src\\services\\laborCalculator.js","statementMap":{"0":{"start":{"line":5,"column":2},"end":{"line":5,"column":83}},"1":{"start":{"line":5,"column":20},"end":{"line":5,"column":83}},"2":{"start":{"line":7,"column":19},"end":{"line":7,"column":37}},"3":{"start":{"line":8,"column":23},"end":{"line":8,"column":39}},"4":{"start":{"line":9,"column":20},"end":{"line":9,"column":42}},"5":{"start":{"line":12,"column":2},"end":{"line":22,"column":3}},"6":{"start":{"line":13,"column":4},"end":{"line":21,"column":6}},"7":{"start":{"line":25,"column":2},"end":{"line":28,"column":3}},"8":{"start":{"line":26,"column":4},"end":{"line":26,"column":23}},"9":{"start":{"line":27,"column":4},"end":{"line":27,"column":48}},"10":{"start":{"line":30,"column":15},"end":{"line":30,"column":40}},"11":{"start":{"line":32,"column":2},"end":{"line":40,"column":4}},"12":{"start":{"line":43,"column":0},"end":{"line":43,"column":40}}},"fnMap":{"0":{"name":"calculateLaborCost","decl":{"start":{"line":4,"column":9},"end":{"line":4,"column":27}},"loc":{"start":{"line":4,"column":64},"end":{"line":41,"column":1}},"line":4}},"branchMap":{"0":{"loc":{"start":{"line":5,"column":2},"end":{"line":5,"column":83}},"type":"if","locations":[{"start":{"line":5,"column":2},"end":{"line":5,"column":83}},{"start":{},"end":{}}],"line":5},"1":{"loc":{"start":{"line":7,"column":19},"end":{"line":7,"column":37}},"type":"cond-expr","locations":[{"start":{"line":7,"column":30},"end":{"line":7,"column":32}},{"start":{"line":7,"column":35},"end":{"line":7,"column":37}}],"line":7},"2":{"loc":{"start":{"line":8,"column":23},"end":{"line":8,"column":39}},"type":"binary-expr","locations":[{"start":{"line":8,"column":23},"end":{"line":8,"column":34}},{"start":{"line":8,"column":38},"end":{"line":8,"column":39}}],"line":8},"3":{"loc":{"start":{"line":12,"column":2},"end":{"line":22,"column":3}},"type":"if","locations":[{"start":{"line":12,"column":2},"end":{"line":22,"column":3}},{"start":{},"end":{}}],"line":12},"4":{"loc":{"start":{"line":19,"column":23},"end":{"line":19,"column":42}},"type":"binary-expr","locations":[{"start":{"line":19,"column":23},"end":{"line":19,"column":34}},{"start":{"line":19,"column":38},"end":{"line":19,"column":42}}],"line":19},"5":{"loc":{"start":{"line":25,"column":2},"end":{"line":28,"column":3}},"type":"if","locations":[{"start":{"line":25,"column":2},"end":{"line":28,"column":3}},{"start":{},"end":{}}],"line":25},"6":{"loc":{"start":{"line":25,"column":6},"end":{"line":25,"column":37}},"type":"binary-expr","locations":[{"start":{"line":25,"column":6},"end":{"line":25,"column":18}},{"start":{"line":25,"column":22},"end":{"line":25,"column":37}}],"line":25},"7":{"loc":{"start":{"line":38,"column":21},"end":{"line":38,"column":40}},"type":"binary-expr","locations":[{"start":{"line":38,"column":21},"end":{"line":38,"column":32}},{"start":{"line":38,"column":36},"end":{"line":38,"column":40}}],"line":38}},"s":{"0":10,"1":1,"2":9,"3":9,"4":9,"5":9,"6":4,"7":5,"8":4,"9":4,"10":5,"11":5,"12":3},"f":{"0":10},"b":{"0":[1,9],"1":[4,5],"2":[9,1],"3":[4,5],"4":[4,1],"5":[4,1],"6":[5,5],"7":[5,0]},"_coverageSchema":"1a1c01bbd47fc00a2c39e90264f33305004495a9","hash":"10cfe33d5c2233a805779a2ba20a4a525a009173"}
,"C:\\Users\\Ezra Marius\\Desktop\\Qualimetrie\\smart-maintenance\\src\\services\\partsCalculator.js": {"path":"C:\\Users\\Ezra Marius\\Desktop\\Qualimetrie\\smart-maintenance\\src\\services\\partsCalculator.js","statementMap":{"0":{"start":{"line":5,"column":2},"end":{"line":7,"column":3}},"1":{"start":{"line":6,"column":4},"end":{"line":6,"column":51}},"2":{"start":{"line":9,"column":22},"end":{"line":9,"column":37}},"3":{"start":{"line":10,"column":29},"end":{"line":10,"column":53}},"4":{"start":{"line":11,"column":17},"end":{"line":11,"column":21}},"5":{"start":{"line":13,"column":14},"end":{"line":13,"column":15}},"6":{"start":{"line":14,"column":18},"end":{"line":14,"column":48}},"7":{"start":{"line":16,"column":2},"end":{"line":21,"column":3}},"8":{"start":{"line":17,"column":4},"end":{"line":20,"column":5}},"9":{"start":{"line":18,"column":6},"end":{"line":18,"column":47}},"10":{"start":{"line":19,"column":6},"end":{"line":19,"column":27}},"11":{"start":{"line":23,"column":2},"end":{"line":26,"column":4}},"12":{"start":{"line":29,"column":0},"end":{"line":29,"column":40}}},"fnMap":{"0":{"name":"calculatePartsCost","decl":{"start":{"line":4,"column":9},"end":{"line":4,"column":27}},"loc":{"start":{"line":4,"column":47},"end":{"line":27,"column":1}},"line":4}},"branchMap":{"0":{"loc":{"start":{"line":5,"column":2},"end":{"line":7,"column":3}},"type":"if","locations":[{"start":{"line":5,"column":2},"end":{"line":7,"column":3}},{"start":{},"end":{}}],"line":5},"1":{"loc":{"start":{"line":5,"column":6},"end":{"line":5,"column":34}},"type":"binary-expr","locations":[{"start":{"line":5,"column":6},"end":{"line":5,"column":12}},{"start":{"line":5,"column":16},"end":{"line":5,"column":34}}],"line":5},"2":{"loc":{"start":{"line":10,"column":29},"end":{"line":10,"column":53}},"type":"cond-expr","locations":[{"start":{"line":10,"column":43},"end":{"line":10,"column":47}},{"start":{"line":10,"column":50},"end":{"line":10,"column":53}}],"line":10},"3":{"loc":{"start":{"line":17,"column":4},"end":{"line":20,"column":5}},"type":"if","locations":[{"start":{"line":17,"column":4},"end":{"line":20,"column":5}},{"start":{},"end":{}}],"line":17},"4":{"loc":{"start":{"line":17,"column":8},"end":{"line":17,"column":36}},"type":"binary-expr","locations":[{"start":{"line":17,"column":8},"end":{"line":17,"column":18}},{"start":{"line":17,"column":22},"end":{"line":17,"column":36}}],"line":17}},"s":{"0":7,"1":1,"2":6,"3":6,"4":6,"5":6,"6":6,"7":6,"8":10,"9":8,"10":8,"11":6,"12":3},"f":{"0":7},"b":{"0":[1,6],"1":[7,7],"2":[3,3],"3":[8,2],"4":[10,8]},"_coverageSchema":"1a1c01bbd47fc00a2c39e90264f33305004495a9","hash":"bf75750d83f8b7bfb855a2ee59311133515457f8"}
,"C:\\Users\\Ezra Marius\\Desktop\\Qualimetrie\\smart-maintenance\\src\\utils\\validators.js": {"path":"C:\\Users\\Ezra Marius\\Desktop\\Qualimetrie\\smart-maintenance\\src\\utils\\validators.js","statementMap":{"0":{"start":{"line":3,"column":21},"end":{"line":3,"column":36}},"1":{"start":{"line":4,"column":20},"end":{"line":4,"column":61}},"2":{"start":{"line":4,"column":45},"end":{"line":4,"column":60}},"3":{"start":{"line":5,"column":4},"end":{"line":7,"column":5}},"4":{"start":{"line":6,"column":8},"end":{"line":6,"column":67}},"5":{"start":{"line":8,"column":4},"end":{"line":8,"column":16}},"6":{"start":{"line":11,"column":0},"end":{"line":11,"column":45}}},"fnMap":{"0":{"name":"validateEstimateRequest","decl":{"start":{"line":2,"column":9},"end":{"line":2,"column":32}},"loc":{"start":{"line":2,"column":42},"end":{"line":9,"column":1}},"line":2},"1":{"name":"(anonymous_1)","decl":{"start":{"line":4,"column":36},"end":{"line":4,"column":37}},"loc":{"start":{"line":4,"column":45},"end":{"line":4,"column":60}},"line":4}},"branchMap":{"0":{"loc":{"start":{"line":5,"column":4},"end":{"line":7,"column":5}},"type":"if","locations":[{"start":{"line":5,"column":4},"end":{"line":7,"column":5}},{"start":{},"end":{}}],"line":5}},"s":{"0":3,"1":3,"2":3,"3":3,"4":1,"5":2,"6":1},"f":{"0":3,"1":3},"b":{"0":[1,2]},"_coverageSchema":"1a1c01bbd47fc00a2c39e90264f33305004495a9","hash":"ccdb8a84547a28eebae8f52e833db321d7a146a5"}
}
