TN:
SF:src\controllers\repairController.js
FN:3,calculateEstimate
FNF:1
FNH:1
FNDA:2,calculateEstimate
DA:1,1
DA:4,2
DA:5,2
DA:6,1
DA:8,1
DA:15,1
LF:6
LH:6
BRF:0
BRH:0
end_of_record
TN:
SF:src\routes\repair.js
FNF:0
FNH:0
DA:1,1
DA:2,1
DA:3,1
DA:47,1
DA:49,1
LF:5
LH:5
BRF:0
BRH:0
end_of_record
TN:
SF:src\services\estimateService.js
FN:9,calculateRepairEstimate
FNF:1
FNH:1
FNDA:5,calculateRepairEstimate
DA:1,2
DA:2,2
DA:16,5
DA:19,5
DA:20,2
DA:24,3
DA:27,3
DA:29,3
DA:31,3
DA:42,2
LF:10
LH:10
BRDA:19,0,0,2
BRDA:19,0,1,3
BRDA:19,1,0,5
BRDA:19,1,1,3
BRF:4
BRH:4
end_of_record
TN:
SF:src\services\laborCalculator.js
FN:4,calculateLaborCost
FNF:1
FNH:1
FNDA:10,calculateLaborCost
DA:5,10
DA:7,9
DA:8,9
DA:9,9
DA:12,9
DA:13,4
DA:25,5
DA:26,4
DA:27,4
DA:30,5
DA:32,5
DA:43,3
LF:12
LH:12
BRDA:5,0,0,1
BRDA:5,0,1,9
BRDA:7,1,0,4
BRDA:7,1,1,5
BRDA:8,2,0,9
BRDA:8,2,1,1
BRDA:12,3,0,4
BRDA:12,3,1,5
BRDA:19,4,0,4
BRDA:19,4,1,1
BRDA:25,5,0,4
BRDA:25,5,1,1
BRDA:25,6,0,5
BRDA:25,6,1,5
BRDA:38,7,0,5
BRDA:38,7,1,0
BRF:16
BRH:15
end_of_record
TN:
SF:src\services\partsCalculator.js
FN:4,calculatePartsCost
FNF:1
FNH:1
FNDA:7,calculatePartsCost
DA:5,7
DA:6,1
DA:9,6
DA:10,6
DA:11,6
DA:13,6
DA:14,6
DA:16,6
DA:17,10
DA:18,8
DA:19,8
DA:23,6
DA:29,3
LF:13
LH:13
BRDA:5,0,0,1
BRDA:5,0,1,6
BRDA:5,1,0,7
BRDA:5,1,1,7
BRDA:10,2,0,3
BRDA:10,2,1,3
BRDA:17,3,0,8
BRDA:17,3,1,2
BRDA:17,4,0,10
BRDA:17,4,1,8
BRF:10
BRH:10
end_of_record
TN:
SF:src\utils\validators.js
FN:2,validateEstimateRequest
FN:4,(anonymous_1)
FNF:2
FNH:2
FNDA:3,validateEstimateRequest
FNDA:3,(anonymous_1)
DA:3,3
DA:4,3
DA:5,3
DA:6,1
DA:8,2
DA:11,1
LF:6
LH:6
BRDA:5,0,0,1
BRDA:5,0,1,2
BRF:2
BRH:2
end_of_record
